<?xml version="1.0" encoding="UTF-8"?>
<testng-results skipped="0" failed="0" ignored="0" total="1" passed="1">
  <reporter-output>
  </reporter-output>
  <suite name="Default suite" duration-ms="25763" started-at="2020-01-30T17:40:19Z" finished-at="2020-01-30T17:40:45Z">
    <groups>
    </groups>
    <test name="Default test" duration-ms="25763" started-at="2020-01-30T17:40:19Z" finished-at="2020-01-30T17:40:45Z">
      <class name="tests.TestCase1">
        <test-method status="PASS" signature="Openbrowser()[pri:0, instance:tests.TestCase1@523884b2]" name="Openbrowser" duration-ms="25705" started-at="2020-01-30T17:40:19Z" finished-at="2020-01-30T17:40:45Z">
          <reporter-output>
          </reporter-output>
        </test-method> <!-- Openbrowser -->
      </class> <!-- tests.TestCase1 -->
    </test> <!-- Default test -->
  </suite> <!-- Default suite -->
</testng-results>
